
 Ansys Mechanical Enterprise                       


 *------------------------------------------------------------------*
 |                                                                  |
 |   W E L C O M E   T O   T H E   A N S Y S (R)  P R O G R A M     |
 |                                                                  |
 *------------------------------------------------------------------*




 ***************************************************************
 *            ANSYS 2022 R1          LEGAL NOTICES             *
 ***************************************************************
 *                                                             *
 * Copyright 1971-2022 ANSYS, Inc.  All rights reserved.       *
 * Unauthorized use, distribution or duplication is            *
 * prohibited.                                                 *
 *                                                             *
 * Ansys is a registered trademark of ANSYS, Inc. or its       *
 * subsidiaries in the United States or other countries.       *
 * See the ANSYS, Inc. online documentation or the ANSYS, Inc. *
 * documentation CD or online help for the complete Legal      *
 * Notice.                                                     *
 *                                                             *
 ***************************************************************
 *                                                             *
 * THIS ANSYS SOFTWARE PRODUCT AND PROGRAM DOCUMENTATION       *
 * INCLUDE TRADE SECRETS AND CONFIDENTIAL AND PROPRIETARY      *
 * PRODUCTS OF ANSYS, INC., ITS SUBSIDIARIES, OR LICENSORS.    *
 * The software products and documentation are furnished by    *
 * ANSYS, Inc. or its subsidiaries under a software license    *
 * agreement that contains provisions concerning               *
 * non-disclosure, copying, length and nature of use,          *
 * compliance with exporting laws, warranties, disclaimers,    *
 * limitations of liability, and remedies, and other           *
 * provisions.  The software products and documentation may be *
 * used, disclosed, transferred, or copied only in accordance  *
 * with the terms and conditions of that software license      *
 * agreement.                                                  *
 *                                                             *
 * ANSYS, Inc. is a UL registered                              *
 * ISO 9001:2015 company.                                      *
 *                                                             *
 ***************************************************************
 *                                                             *
 * This product is subject to U.S. laws governing export and   *
 * re-export.                                                  *
 *                                                             *
 * For U.S. Government users, except as specifically granted   *
 * by the ANSYS, Inc. software license agreement, the use,     *
 * duplication, or disclosure by the United States Government  *
 * is subject to restrictions stated in the ANSYS, Inc.        *
 * software license agreement and FAR 12.212 (for non-DOD      *
 * licenses).                                                  *
 *                                                             *
 ***************************************************************

 2022 R1 
     
 Point Releases and Patches installed:   
     
 ANSYS, Inc. License Manager 2022 R1 
 Discovery 2022 R1   
 SpaceClaim 2022 R1  
 Ansys Sherlock 2022 R1  
 Autodyn 2022 R1 
 LS-DYNA 2022 R1 
 CFD-Post only 2022 R1   
 CFX (includes CFD-Post) 2022 R1 
 Chemkin 2022 R1 
 EnSight 2022 R1 
 FENSAP-ICE 2022 R1  
 Fluent (includes CFD-Post) 2022 R1  
 Polyflow (includes CFD-Post) 2022 R1
 Forte (includes EnSight) 2022 R1
 TurboGrid 2022 R1   
 ICEM CFD 2022 R1
 Aqwa 2022 R1
 Speos 2022 R1   
 Speos HPC 2022 R1   
 Speos for Creo Parametric 2022 R1   
 Additive 2022 R1
 Customization Files for User Programmable Features 2022 R1  
 Mechanical Products 2022 R1 
 Icepak (includes CFD-Post) 2022 R1  
 Remote Solve Manager Standalone Services 2022 R1
 Ansys Sound - SAS 2022 R1   
 Viewer 2022 R1  
 ACIS Geometry Interface 2022 R1 
 AutoCAD Geometry Interface 2022 R1  
 Catia, Version 4 Geometry Interface 2022 R1 
 Catia, Version 5 Geometry Interface 2022 R1 
 Catia, Version 6 Geometry Interface 2022 R1 
 Creo Elements/Direct Modeling Geometry Interface 2022 R1
 Creo Parametric Geometry Interface 2022 R1  
 Inventor Geometry Interface 2022 R1 
 JTOpen Geometry Interface 2022 R1   
 NX Geometry Interface 2022 R1   
 Parasolid Geometry Interface  2022 R1   
 Solid Edge Geometry Interface 2022 R1   
 SOLIDWORKS Geometry Interface 2022 R1   


          *****  ANSYS COMMAND LINE ARGUMENTS  *****
  BATCH MODE REQUESTED (-b)    = NOLIST
  INPUT FILE COPY MODE (-c)    = COPY
  DISTRIBUTED MEMORY PARALLEL REQUESTED
       2 PARALLEL PROCESSES REQUESTED WITH SINGLE THREAD PER PROCESS
    TOTAL OF     2 CORES REQUESTED
  INPUT FILE NAME              = F:\墨然的需要\学科竞赛和科研\水下机器人及推进器项目\毕业设计\Ansys校核\_ProjectScratch\Scr5B4D\dummy.dat
  OUTPUT FILE NAME             = F:\墨然的需要\学科竞赛和科研\水下机器人及推进器项目\毕业设计\Ansys校核\_ProjectScratch\Scr5B4D\solve.out
  START-UP FILE MODE           = NOREAD
  STOP FILE MODE               = NOREAD

 RELEASE= 2022 R1              BUILD= 22.1      UP20211129   VERSION=WINDOWS x64 
 CURRENT JOBNAME=file0  17:09:44  APR 05, 2025 CP=      0.609


 PARAMETER _DS_PROGRESS =     999.0000000    

 /INPUT FILE= ds.dat  LINE=       0



 *** NOTE ***                            CP =       0.656   TIME= 17:09:44
 The /CONFIG,NOELDB command is not valid in a Distributed ANSYS          
 solution.  Command is ignored.                                          

 *GET  _WALLSTRT  FROM  ACTI  ITEM=TIME WALL  VALUE=  17.1622222    

 TITLE= 
 ______--____ (A5)                                                             

  ACT Extensions:
      LSDYNA, 2021.1
      5f463412-bd3e-484b-87e7-cbc0a665e474, wbex
  

 SET PARAMETER DIMENSIONS ON  _WB_PROJECTSCRATCH_DIR
  TYPE=STRI  DIMENSIONS=      248        1        1

 PARAMETER _WB_PROJECTSCRATCH_DIR(1) = F:\墨然的需要\学科竞赛和科研\水下机器人及推进器项目\毕业设计\Ansys校核\_ProjectScratch\Scr5B4D\

 SET PARAMETER DIMENSIONS ON  _WB_SOLVERFILES_DIR
  TYPE=STRI  DIMENSIONS=      248        1        1

 PARAMETER _WB_SOLVERFILES_DIR(1) = F:\墨然的需要\学科竞赛和科研\水下机器人及推进器项目\毕业设计\Ansys校核\关键零件校核_files\dp0\SYS\MECH\

 SET PARAMETER DIMENSIONS ON  _WB_USERFILES_DIR
  TYPE=STRI  DIMENSIONS=      248        1        1

 PARAMETER _WB_USERFILES_DIR(1) = F:\墨然的需要\学科竞赛和科研\水下机器人及推进器项目\毕业设计\Ansys校核\关键零件校核_files\user_files\
 --- Data in consistent MKS units. See Solving Units in the help system for more

 MKS UNITS SPECIFIED FOR INTERNAL    
  LENGTH        (l)  = METER (M)
  MASS          (M)  = KILOGRAM (KG)
  TIME          (t)  = SECOND (SEC)
  TEMPERATURE   (T)  = CELSIUS (C)
  TOFFSET            = 273.0
  CHARGE        (Q)  = COULOMB
  FORCE         (f)  = NEWTON (N) (KG-M/SEC2)
  HEAT               = JOULE (N-M)

  PRESSURE           = PASCAL (NEWTON/M**2)
  ENERGY        (W)  = JOULE (N-M)
  POWER         (P)  = WATT (N-M/SEC)
  CURRENT       (i)  = AMPERE (COULOMBS/SEC)
  CAPACITANCE   (C)  = FARAD
  INDUCTANCE    (L)  = HENRY
  MAGNETIC FLUX      = WEBER
  RESISTANCE    (R)  = OHM
  ELECTRIC POTENTIAL = VOLT

 INPUT  UNITS ARE ALSO SET TO MKS 

 *** ANSYS - ENGINEERING ANALYSIS SYSTEM  RELEASE 2022 R1          22.1     ***
 DISTRIBUTED Ansys Mechanical Enterprise                       

 00000000  VERSION=WINDOWS x64   17:09:44  APR 05, 2025 CP=      0.656

 ______--____ (A5)                                                             



          ***** ANSYS ANALYSIS DEFINITION (PREP7) *****
 *********** Nodes for the whole assembly ***********
 *********** Elements for Body 1 "________-FreeParts|____-____3" ***********
 *********** Send User Defined Coordinate System(s) ***********
 *********** Set Reference Temperature ***********
 *********** Send Materials ***********
 *********** Fixed Supports ***********
 *********** Define Pressure Using Surface Effect Elements "__" ***********
 *********** Define Force Using Surface Effect Elements ***********
 *********** Define Force Using Surface Effect Elements ***********
 *********** Define Force Using Surface Effect Elements ***********


 ***** ROUTINE COMPLETED *****  CP =         0.719


 --- Number of total nodes = 8705
 --- Number of contact elements = 856
 --- Number of spring elements = 0
 --- Number of bearing elements = 0
 --- Number of solid elements = 5106
 --- Number of condensed parts = 0
 --- Number of total elements = 5962

 *GET  _WALLBSOL  FROM  ACTI  ITEM=TIME WALL  VALUE=  17.1622222    
 ****************************************************************************
 *************************    SOLUTION       ********************************
 ****************************************************************************

 *****  ANSYS SOLUTION ROUTINE  *****


 PERFORM A STATIC ANALYSIS
  THIS WILL BE A NEW ANALYSIS

 PARAMETER _THICKRATIO =     1.000000000    

 USE PRECONDITIONED CONJUGATE GRADIENT SOLVER
  CONVERGENCE TOLERANCE = 1.00000E-08
  MAXIMUM ITERATION     = NumNode*DofPerNode*  1.0000    

 CONTACT INFORMATION PRINTOUT LEVEL       1

 DO NOT COMBINE ELEMENT MATRIX FILES (.emat) AFTER DISTRIBUTED PARALLEL SOLUTION

 DO NOT COMBINE ELEMENT SAVE DATA FILES (.esav) AFTER DISTRIBUTED PARALLEL SOLUTION

 NLDIAG: Nonlinear diagnostics CONT option is set to ON. 
         Writing frequency : each ITERATION.

 DO NOT SAVE ANY RESTART FILES AT ALL
 ****************************************************
 ******************* SOLVE FOR LS 1 OF 1 ****************

 SELECT       FOR ITEM=TYPE COMPONENT=    
  IN RANGE         2 TO          2 STEP          1

        142  ELEMENTS (OF       5962  DEFINED) SELECTED BY  ESEL  COMMAND.

 SELECT      ALL NODES HAVING ANY ELEMENT IN ELEMENT SET.

        360 NODES (OF       8705  DEFINED) SELECTED FROM
      142 SELECTED ELEMENTS BY NSLE COMMAND.

 GENERATE SURFACE LOAD PRES ON SURFACE DEFINED BY ALL SELECTED NODES
 VALUES=  107265.000      0.00000000    

 NUMBER OF PRES ELEMENT FACE LOADS STORED =        142

 ALL SELECT   FOR ITEM=NODE COMPONENT=    
  IN RANGE         1 TO       8705 STEP          1

       8705  NODES (OF       8705  DEFINED) SELECTED BY NSEL  COMMAND.

 ALL SELECT   FOR ITEM=ELEM COMPONENT=    
  IN RANGE         1 TO       7804 STEP          1

       5962  ELEMENTS (OF       5962  DEFINED) SELECTED BY  ESEL  COMMAND.

 SELECT       FOR ITEM=TYPE COMPONENT=    
  IN RANGE         3 TO          3 STEP          1

        238  ELEMENTS (OF       5962  DEFINED) SELECTED BY  ESEL  COMMAND.

 SELECT      ALL NODES HAVING ANY ELEMENT IN ELEMENT SET.

        584 NODES (OF       8705  DEFINED) SELECTED FROM
      238 SELECTED ELEMENTS BY NSLE COMMAND.

 SPECIFIED SURFACE LOAD PRES FOR ALL SELECTED ELEMENTS  LKEY =  1   KVAL = 1
     VALUES =     0.0000         0.0000         0.0000         0.0000    

 SPECIFIED SURFACE LOAD PRES FOR ALL SELECTED ELEMENTS  LKEY =  2   KVAL = 1
     VALUES =   -0.13038E+07   -0.13038E+07   -0.13038E+07   -0.13038E+07

 SPECIFIED SURFACE LOAD PRES FOR ALL SELECTED ELEMENTS  LKEY =  3   KVAL = 1
     VALUES =     0.0000         0.0000         0.0000         0.0000    

 SELECT       FOR ITEM=TYPE COMPONENT=    
  IN RANGE         4 TO          4 STEP          1

        238  ELEMENTS (OF       5962  DEFINED) SELECTED BY  ESEL  COMMAND.

 SELECT      ALL NODES HAVING ANY ELEMENT IN ELEMENT SET.

        584 NODES (OF       8705  DEFINED) SELECTED FROM
      238 SELECTED ELEMENTS BY NSLE COMMAND.

 SPECIFIED SURFACE LOAD PRES FOR ALL SELECTED ELEMENTS  LKEY =  1   KVAL = 1
     VALUES =     0.0000         0.0000         0.0000         0.0000    

 SPECIFIED SURFACE LOAD PRES FOR ALL SELECTED ELEMENTS  LKEY =  2   KVAL = 1
     VALUES =   -0.13038E+07   -0.13038E+07   -0.13038E+07   -0.13038E+07

 SPECIFIED SURFACE LOAD PRES FOR ALL SELECTED ELEMENTS  LKEY =  3   KVAL = 1
     VALUES =     0.0000         0.0000         0.0000         0.0000    

 SELECT       FOR ITEM=TYPE COMPONENT=    
  IN RANGE         5 TO          5 STEP          1

        238  ELEMENTS (OF       5962  DEFINED) SELECTED BY  ESEL  COMMAND.

 SELECT      ALL NODES HAVING ANY ELEMENT IN ELEMENT SET.

        584 NODES (OF       8705  DEFINED) SELECTED FROM
      238 SELECTED ELEMENTS BY NSLE COMMAND.

 SPECIFIED SURFACE LOAD PRES FOR ALL SELECTED ELEMENTS  LKEY =  1   KVAL = 1
     VALUES =     0.0000         0.0000         0.0000         0.0000    

 SPECIFIED SURFACE LOAD PRES FOR ALL SELECTED ELEMENTS  LKEY =  2   KVAL = 1
     VALUES =   -0.13038E+07   -0.13038E+07   -0.13038E+07   -0.13038E+07

 SPECIFIED SURFACE LOAD PRES FOR ALL SELECTED ELEMENTS  LKEY =  3   KVAL = 1
     VALUES =     0.0000         0.0000         0.0000         0.0000    

 ALL SELECT   FOR ITEM=NODE COMPONENT=    
  IN RANGE         1 TO       8705 STEP          1

       8705  NODES (OF       8705  DEFINED) SELECTED BY NSEL  COMMAND.

 ALL SELECT   FOR ITEM=ELEM COMPONENT=    
  IN RANGE         1 TO       7804 STEP          1

       5962  ELEMENTS (OF       5962  DEFINED) SELECTED BY  ESEL  COMMAND.

 ACEL=    0.0000      9.8067      0.0000    

 ALL SELECT   FOR ITEM=ELEM COMPONENT=    
  IN RANGE         1 TO       7804 STEP          1

       5962  ELEMENTS (OF       5962  DEFINED) SELECTED BY  ESEL  COMMAND.

 PRINTOUT RESUMED BY /GOP

 USE       1 SUBSTEPS INITIALLY THIS LOAD STEP FOR ALL  DEGREES OF FREEDOM
 FOR AUTOMATIC TIME STEPPING:
   USE      1 SUBSTEPS AS A MAXIMUM
   USE      1 SUBSTEPS AS A MINIMUM

 TIME=  1.0000    

 ERASE THE CURRENT DATABASE OUTPUT CONTROL TABLE.


 WRITE ALL  ITEMS TO THE DATABASE WITH A FREQUENCY OF NONE
   FOR ALL APPLICABLE ENTITIES

 WRITE NSOL ITEMS TO THE DATABASE WITH A FREQUENCY OF ALL 
   FOR ALL APPLICABLE ENTITIES

 WRITE RSOL ITEMS TO THE DATABASE WITH A FREQUENCY OF ALL 
   FOR ALL APPLICABLE ENTITIES

 WRITE EANG ITEMS TO THE DATABASE WITH A FREQUENCY OF ALL 
   FOR ALL APPLICABLE ENTITIES

 WRITE ETMP ITEMS TO THE DATABASE WITH A FREQUENCY OF ALL 
   FOR ALL APPLICABLE ENTITIES

 WRITE VENG ITEMS TO THE DATABASE WITH A FREQUENCY OF ALL 
   FOR ALL APPLICABLE ENTITIES

 WRITE STRS ITEMS TO THE DATABASE WITH A FREQUENCY OF ALL 
   FOR ALL APPLICABLE ENTITIES

 WRITE EPEL ITEMS TO THE DATABASE WITH A FREQUENCY OF ALL 
   FOR ALL APPLICABLE ENTITIES

 WRITE EPPL ITEMS TO THE DATABASE WITH A FREQUENCY OF ALL 
   FOR ALL APPLICABLE ENTITIES

 WRITE CONT ITEMS TO THE DATABASE WITH A FREQUENCY OF ALL 
   FOR ALL APPLICABLE ENTITIES

 *GET  ANSINTER_  FROM  ACTI  ITEM=INT        VALUE=  0.00000000    

 *IF  ANSINTER_                         ( =   0.00000     )  NE  
      0                                 ( =   0.00000     )  THEN    

 *ENDIF

 *** NOTE ***                            CP =       0.750   TIME= 17:09:44
 The automatic domain decomposition logic has selected the MESH domain   
 decomposition method with 2 processes per solution.                     

 *****  ANSYS SOLVE    COMMAND  *****

 *** WARNING ***                         CP =       0.750   TIME= 17:09:44
 Element shape checking is currently inactive.  Issue SHPP,ON or         
 SHPP,WARN to reactivate, if desired.                                    

 *** NOTE ***                            CP =       0.750   TIME= 17:09:44
 The model data was checked and warning messages were found.             
  Please review output or errors file (                                  
 F:\墨然的需要\学科竞赛和科研\水下机器人及推进器项目\毕业设计\Ansys校核\ 
 \_ProjectScratch\Scr5B4D\file0.err ) for these warning messages.        

 *** SELECTION OF ELEMENT TECHNOLOGIES FOR APPLICABLE ELEMENTS ***
      --- GIVE SUGGESTIONS AND RESET THE KEY OPTIONS ---

 ELEMENT TYPE         1 IS SOLID187. IT IS NOT ASSOCIATED WITH FULLY INCOMPRESSIBLE
 HYPERELASTIC MATERIALS. NO SUGGESTION IS AVAILABLE AND NO RESETTING IS NEEDED.



 *** ANSYS - ENGINEERING ANALYSIS SYSTEM  RELEASE 2022 R1          22.1     ***
 DISTRIBUTED Ansys Mechanical Enterprise                       

 00000000  VERSION=WINDOWS x64   17:09:44  APR 05, 2025 CP=      0.750

 ______--____ (A5)                                                             



                       S O L U T I O N   O P T I O N S

   PROBLEM DIMENSIONALITY. . . . . . . . . . . . .3-D                  
   DEGREES OF FREEDOM. . . . . . UX   UY   UZ  
   ANALYSIS TYPE . . . . . . . . . . . . . . . . .STATIC (STEADY-STATE)
   OFFSET TEMPERATURE FROM ABSOLUTE ZERO . . . . .  273.15    
   EQUATION SOLVER OPTION. . . . . . . . . . . . .PCG                
      TOLERANCE. . . . . . . . . . . . . . . . . . 1.00000E-08
   GLOBALLY ASSEMBLED MATRIX . . . . . . . . . . .SYMMETRIC  

 *** WARNING ***                         CP =       0.750   TIME= 17:09:44
 Material number 2 (used by element 6949) should normally have at least  
 one MP or one TB type command associated with it.  Output of energy by  
 material may not be available.                                          

 *** NOTE ***                            CP =       0.750   TIME= 17:09:44
 The step data was checked and warning messages were found.              
  Please review output or errors file (                                  
 F:\墨然的需要\学科竞赛和科研\水下机器人及推进器项目\毕业设计\Ansys校核\ 
 \_ProjectScratch\Scr5B4D\file0.err ) for these warning messages.        

 *** NOTE ***                            CP =       0.750   TIME= 17:09:44
 The conditions for direct assembly have been met.  No .emat or .erot    
 files will be produced.                                                 

  
  
     D I S T R I B U T E D   D O M A I N   D E C O M P O S E R
  
  ...Number of elements: 5962
  ...Number of nodes:    8705
  ...Decompose to 2 CPU domains
  ...Element load balance ratio =     1.074


                      L O A D   S T E P   O P T I O N S

   LOAD STEP NUMBER. . . . . . . . . . . . . . . .     1
   TIME AT END OF THE LOAD STEP. . . . . . . . . .  1.0000    
   NUMBER OF SUBSTEPS. . . . . . . . . . . . . . .     1
   STEP CHANGE BOUNDARY CONDITIONS . . . . . . . .    NO
   INERTIA LOADS                        X           Y           Z 
      ACEL . . . . . . . . . . . .  0.0000      9.8067      0.0000    
   PRINT OUTPUT CONTROLS . . . . . . . . . . . . .NO PRINTOUT
   DATABASE OUTPUT CONTROLS
      ITEM     FREQUENCY   COMPONENT
       ALL       NONE               
      NSOL        ALL               
      RSOL        ALL               
      EANG        ALL               
      ETMP        ALL               
      VENG        ALL               
      STRS        ALL               
      EPEL        ALL               
      EPPL        ALL               
      CONT        ALL               


 SOLUTION MONITORING INFO IS WRITTEN TO FILE= file.mntr                                                                                                                                                                                                                                                           


 *** NOTE ***                            CP =       0.906   TIME= 17:09:44
 The PCG solver has automatically set the level of difficulty for this   
 model to 1.                                                             


                         ***********  PRECISE MASS SUMMARY  ***********

   TOTAL RIGID BODY MASS MATRIX ABOUT ORIGIN
               Translational mass               |   Coupled translational/rotational mass
        0.87655E-01    0.0000        0.0000     |     0.0000      -0.15025E-06  -0.14187E-02
         0.0000       0.87655E-01    0.0000     |    0.15025E-06    0.0000       0.22769E-04
         0.0000        0.0000       0.87655E-01 |    0.14187E-02  -0.22769E-04    0.0000    
     ------------------------------------------ | ------------------------------------------
                                                |         Rotational mass (inertia)
                                                |    0.51708E-04  -0.22759E-06   0.84445E-10
                                                |   -0.22759E-06   0.29767E-04   0.61854E-09
                                                |    0.84445E-10   0.61854E-09   0.51515E-04

   TOTAL MASS = 0.87655E-01
     The mass principal axes coincide with the global Cartesian axes

   CENTER OF MASS (X,Y,Z)=   0.25976E-03   0.16185E-01  -0.17141E-05

   TOTAL INERTIA ABOUT CENTER OF MASS
        0.28747E-04   0.14093E-06   0.45415E-10
        0.14093E-06   0.29761E-04  -0.18132E-08
        0.45415E-10  -0.18132E-08   0.28548E-04

   PRINCIPAL INERTIAS =   0.28728E-04   0.29780E-04   0.28548E-04
   ORIENTATION VECTORS OF THE INERTIA PRINCIPAL AXES IN GLOBAL CARTESIAN
     ( 0.991,-0.135, 0.002) ( 0.135, 0.991,-0.001) (-0.001, 0.002, 1.000) 


  *** MASS SUMMARY BY ELEMENT TYPE ***

  TYPE      MASS
     1  0.876547E-01

 Range of element maximum matrix coefficients in global coordinates
 Maximum = 1.450664836E+09 at element 5005.                              
 Minimum = 50484747.5 at element 1761.                                   

   *** ELEMENT MATRIX FORMULATION TIMES
     TYPE    NUMBER   ENAME      TOTAL CP  AVE CP

        1      5106  SOLID187      0.250   0.000049
        2       142  SURF154       0.000   0.000000
        3       238  SURF154       0.000   0.000000
        4       238  SURF154       0.000   0.000000
        5       238  SURF154       0.000   0.000000
 Time at end of element matrix formulation CP = 1.203125.                
 Iteration=     5 Ratio=  0.227344     Limit=  1.000000E-08 Wall=     0.0
 Iteration=    40 Ratio=  6.521202E-04 Limit=  1.000000E-08 Wall=     0.0
 Iteration=   100 Ratio=  1.640866E-06 Limit=  1.000000E-08 Wall=     0.1

 DISTRIBUTED PCG SOLVER SOLUTION CONVERGED

 DISTRIBUTED PCG SOLVER SOLUTION STATISTICS

   NUMBER OF ITERATIONS=         153
   NUMBER OF EQUATIONS =       26115
   LEVEL OF CONVERGENCE=           1
   CALCULATED NORM     = 0.85044E-08
   SPECIFIED TOLERANCE = 0.10000E-07
   TOTAL CPU TIME (sec)=        0.19
   TOTAL WALL TIME(sec)=        0.21
   TOTAL MEMORY (GB)   =        0.01


   *** ELEMENT RESULT CALCULATION TIMES
     TYPE    NUMBER   ENAME      TOTAL CP  AVE CP

        1      5106  SOLID187      0.156   0.000031
        2       142  SURF154       0.000   0.000000
        3       238  SURF154       0.000   0.000000
        4       238  SURF154       0.000   0.000000
        5       238  SURF154       0.016   0.000066

   *** NODAL LOAD CALCULATION TIMES
     TYPE    NUMBER   ENAME      TOTAL CP  AVE CP

        1      5106  SOLID187      0.031   0.000006
        2       142  SURF154       0.000   0.000000
        3       238  SURF154       0.000   0.000000
        4       238  SURF154       0.000   0.000000
        5       238  SURF154       0.016   0.000066
 *** LOAD STEP     1   SUBSTEP     1  COMPLETED.    CUM ITER =      1
 *** TIME =   1.00000         TIME INC =   1.00000      NEW TRIANG MATRIX


 *** ANSYS BINARY FILE STATISTICS
  BUFFER SIZE USED= 16384
        2.125 MB WRITTEN ON RESULTS FILE: file0.rst
 *************** Write FE CONNECTORS *********

 WRITE OUT CONSTRAINT EQUATIONS TO FILE= file.ce                                                                                                                                                                                                                                                             
 ****************************************************
 *************** FINISHED SOLVE FOR LS 1 *************

 *GET  _WALLASOL  FROM  ACTI  ITEM=TIME WALL  VALUE=  17.1625000    

 PRINTOUT RESUMED BY /GOP

 *GET  _PCGITER  FROM  ACTI  ITEM=SOLU CGIT  VALUE=  153.000000    

 FINISH SOLUTION PROCESSING


 ***** ROUTINE COMPLETED *****  CP =         1.672



 *** ANSYS - ENGINEERING ANALYSIS SYSTEM  RELEASE 2022 R1          22.1     ***
 DISTRIBUTED Ansys Mechanical Enterprise                       

 00000000  VERSION=WINDOWS x64   17:09:45  APR 05, 2025 CP=      1.672

 ______--____ (A5)                                                             



          ***** ANSYS RESULTS INTERPRETATION (POST1) *****

 *** NOTE ***                            CP =       1.672   TIME= 17:09:45
 Reading results into the database (SET command) will update the current 
 displacement and force boundary conditions in the database with the     
 values from the results file for that load set.  Note that any          
 subsequent solutions will use these values unless action is taken to    
 either SAVE the current values or not overwrite them (/EXIT,NOSAVE).    

 Set Encoding of XML File to:ISO-8859-1

 Set Output of XML File to:
     PARM,     ,     ,     ,     ,     ,     ,     ,     ,     ,     ,     ,
         ,     ,     ,     ,     ,     ,     ,

 DATABASE WRITTEN ON FILE  parm.xml                                                                                                                                                                                                                                                            

 EXIT THE ANSYS POST1 DATABASE PROCESSOR


 ***** ROUTINE COMPLETED *****  CP =         1.672



 PRINTOUT RESUMED BY /GOP

 *GET  _WALLDONE  FROM  ACTI  ITEM=TIME WALL  VALUE=  17.1625000    

 PARAMETER _PREPTIME =     0.000000000    

 PARAMETER _SOLVTIME =     1.000000000    

 PARAMETER _POSTTIME =     0.000000000    

 PARAMETER _TOTALTIM =     1.000000000    

 *GET  _DLBRATIO  FROM  ACTI  ITEM=SOLU DLBR  VALUE=  1.07413620    

 *GET  _COMBTIME  FROM  ACTI  ITEM=SOLU COMB  VALUE= 0.214408000E-01

 *GET  _SSMODE   FROM  ACTI  ITEM=SOLU SSMM  VALUE=  0.00000000    

 *GET  _NDOFS    FROM  ACTI  ITEM=SOLU NDOF  VALUE=  24468.0000    

 *GET  _SOL_END_TIME  FROM  ACTI  ITEM=SET  TIME  VALUE=  1.00000000    

 *IF  _sol_end_time                     ( =   1.00000     )  EQ  
      1.000000                          ( =   1.00000     )  THEN    

 /FCLEAN COMMAND REMOVING ALL LOCAL FILES

 *ENDIF
 --- Total number of nodes = 8705
 --- Total number of elements = 5962
 --- Element load balance ratio = 1.0741362
 --- Time to combine distributed files = 2.14408E-02
 --- Sparse memory mode = 0
 --- Number of DOF = 24468

 EXIT ANSYS WITHOUT SAVING DATABASE


 NUMBER OF WARNING MESSAGES ENCOUNTERED=          2
 NUMBER OF ERROR   MESSAGES ENCOUNTERED=          0

+--------- D I S T R I B U T E D   A N S Y S   S T A T I S T I C S ------------+

Release: 2022 R1            Build: 22.1       Update: UP20211129   Platform: WINDOWS x64 
Date Run: 04/05/2025   Time: 17:09     Process ID: 23516
Operating System: Windows 10  (Build: 26100)

Processor Model: 13th Gen Intel(R) Core(TM) i9-13900HX

Compiler: Intel(R) Fortran Compiler Version 19.0.5  (Build: 20190815)
          Intel(R) C/C++ Compiler Version 19.0.5  (Build: 20190815)
          Intel(R) Math Kernel Library Version 2020.0.0 Product Build 20191125
          BLAS Library supplied by Intel(R) MKL

Number of machines requested            :    1
Total number of cores available         :   32
Number of physical cores available      :   24
Number of processes requested           :    2
Number of threads per process requested :    1
Total number of cores requested         :    2 (Distributed Memory Parallel)               
MPI Type: INTELMPI
MPI Version: Intel(R) MPI Library 2019 Update 10 for Windows* OS


GPU Acceleration: Not Requested

Job Name: file0
Input File: dummy.dat

  Core                Machine Name   Working Directory
 -----------------------------------------------------
     0                 Aran-Legion   F:\墨然的需要\学科竞赛和科研\水下机器人及推进器项目\毕业设计\Ansys校核\_ProjectScratch\Scr5B4D
     1                 Aran-Legion   F:\墨然的需要\学科竞赛和科研\水下机器人及推进器项目\毕业设计\Ansys校核\_ProjectScratch\Scr5B4D
 
Latency time from master to core     1 =    1.805 microseconds
 
Communication speed from master to core     1 =  9497.47 MB/sec

Total CPU time for main thread                    :        1.7 seconds
Total CPU time summed for all threads             :        2.0 seconds

Elapsed time spent obtaining a license            :        0.9 seconds
Elapsed time spent pre-processing model (/PREP7)  :        0.0 seconds
Elapsed time spent solution - preprocessing       :        0.0 seconds
Elapsed time spent computing solution             :        0.6 seconds
Elapsed time spent solution - postprocessing      :        0.0 seconds
Elapsed time spent post-processing model (/POST1) :        0.0 seconds
 
Equation solver used                              :            PCG (symmetric)
Equation solver computational rate                :       11.5 Gflops

Sum of memory used on all processes               :      112.0 MB
Sum of memory allocated on all processes          :     3136.0 MB
Physical memory available                         :         16 GB

Total amount of I/O written to disk               :        0.0 GB
Total amount of I/O read from disk                :        0.0 GB

+------ E N D   D I S T R I B U T E D   A N S Y S   S T A T I S T I C S -------+


 *---------------------------------------------------------------------------*
 |                                                                           |
 |                       DISTRIBUTED ANSYS RUN COMPLETED                     |
 |                                                                           |
 |---------------------------------------------------------------------------|
 |                                                                           |
 | Ansys 2022 R1               Build 22.1         UP20211129     WINDOWS x64 |
 |                                                                           |
 |---------------------------------------------------------------------------|
 |                                                                           |
 | Database Requested(-db)  1024 MB    Scratch Memory Requested      1024 MB |
 | Maximum Database Used       8 MB    Maximum Scratch Memory Used     55 MB |
 |                                                                           |
 |---------------------------------------------------------------------------|
 |                                                                           |
 |        CP Time      (sec) =          1.984       Time  =  17:09:46        |
 |        Elapsed Time (sec) =          4.000       Date  =  04/05/2025      |
 |                                                                           |
 *---------------------------------------------------------------------------*
